==============================================================================
20170202 16:55:12.515 - INFO - + START SUITE: Acceptancetest [ ]
==============================================================================
20170202 16:55:12.947 - INFO - +- START SUITE: Acceptancetest.CSV-JSONConversion [ ]
==============================================================================
20170202 16:55:12.955 - INFO - +-- START TEST: CSV to JSON to CSV Yields Original [ ]
------------------------------------------------------------------------------
20170202 16:55:12.968 - INFO - +--- START KW: OperatingSystem.Get File [ src/test/resources/grades.csv ]
20170202 16:55:12.984 - INFO - ${contents} = "ID","Total","Assignment 1","Assignment 2","Exam 1"
"111278","611","146","128","337"
"111352","867","227","228","412"
"111373","461","96","90","275"
"111305","835","220","217","398"
"111399","898","22...
20170202 16:55:12.993 - INFO - +--- END KW: OperatingSystem.Get File (23)
~~~~~~~~~~~~~~~~~~~~~~~~~~~~~~~~~~~~~~~~~~~~~~~~~~~~~~~~~~~~~~~~~~~~~~~~~~~~~~
20170202 16:55:12.999 - INFO - +--- START KW: keywords.ConverterKeywords.Convert To Json [ ${contents} ]
20170202 16:55:13.032 - INFO - ${json} = {"rowHeaders":["111278","111352","111373","111305","111399","111160","111276","111241"],"data":[[611,146,128,337],[867,227,228,412],[461,96,90,275],[835,220,217,398],[898,226,229,443],[454,77,125,252]...
20170202 16:55:13.037 - INFO - +--- END KW: keywords.ConverterKeywords.Convert To Json (41)
~~~~~~~~~~~~~~~~~~~~~~~~~~~~~~~~~~~~~~~~~~~~~~~~~~~~~~~~~~~~~~~~~~~~~~~~~~~~~~
20170202 16:55:13.040 - INFO - +--- START KW: keywords.ConverterKeywords.Convert To Csv [ ${json} ]
20170202 16:55:13.062 - INFO - ${csv} = "ID","Total","Assignment 1","Assignment 2","Exam 1"
"111278","611","146","128","337"
"111352","867","227","228","412"
"111373","461","96","90","275"
"111305","835","220","217","398"
"111399","898","22...
20170202 16:55:13.066 - INFO - +--- END KW: keywords.ConverterKeywords.Convert To Csv (25)
~~~~~~~~~~~~~~~~~~~~~~~~~~~~~~~~~~~~~~~~~~~~~~~~~~~~~~~~~~~~~~~~~~~~~~~~~~~~~~
20170202 16:55:13.068 - INFO - +--- START KW: BuiltIn.Should Be Equal [ ${contents} | ${csv} ]
20170202 16:55:13.077 - INFO - +--- END KW: BuiltIn.Should Be Equal (9)
------------------------------------------------------------------------------
20170202 16:55:13.088 - INFO - +-- END TEST: CSV to JSON to CSV Yields Original (127)
------------------------------------------------------------------------------
20170202 16:55:13.092 - INFO - +-- START TEST: JSON to CSV to JSON Yields Original [ ]
------------------------------------------------------------------------------
20170202 16:55:13.100 - INFO - +--- START KW: OperatingSystem.Get File [ src/test/resources/grades.json ]
20170202 16:55:13.110 - INFO - ${contents} = {
    "colHeaders":["Total","Assignment 1","Assignment 2","Exam 1"],
    "rowHeaders":["111278","111352","111373","111305","111399","111160","111276","111241"],
    "data":[[611,146,128,337],
        ...
20170202 16:55:13.114 - INFO - +--- END KW: OperatingSystem.Get File (12)
~~~~~~~~~~~~~~~~~~~~~~~~~~~~~~~~~~~~~~~~~~~~~~~~~~~~~~~~~~~~~~~~~~~~~~~~~~~~~~
20170202 16:55:13.116 - INFO - +--- START KW: keywords.ConverterKeywords.Convert To Csv [ ${contents} ]
20170202 16:55:13.122 - INFO - ${csv} = "ID","Total","Assignment 1","Assignment 2","Exam 1"
"111278","611","146","128","337"
"111352","867","227","228","412"
"111373","461","96","90","275"
"111305","835","220","217","398"
"111399","898","22...
20170202 16:55:13.131 - INFO - +--- END KW: keywords.ConverterKeywords.Convert To Csv (14)
~~~~~~~~~~~~~~~~~~~~~~~~~~~~~~~~~~~~~~~~~~~~~~~~~~~~~~~~~~~~~~~~~~~~~~~~~~~~~~
20170202 16:55:13.135 - INFO - +--- START KW: keywords.ConverterKeywords.Convert To Json [ ${csv} ]
20170202 16:55:13.144 - INFO - ${json} = {"rowHeaders":["111278","111352","111373","111305","111399","111160","111276","111241"],"data":[[611,146,128,337],[867,227,228,412],[461,96,90,275],[835,220,217,398],[898,226,229,443],[454,77,125,252]...
20170202 16:55:13.147 - INFO - +--- END KW: keywords.ConverterKeywords.Convert To Json (12)
~~~~~~~~~~~~~~~~~~~~~~~~~~~~~~~~~~~~~~~~~~~~~~~~~~~~~~~~~~~~~~~~~~~~~~~~~~~~~~
20170202 16:55:13.150 - INFO - +--- START KW: keywords.ConverterKeywords.Json Strings Are Equal [ ${contents} | ${json} ]
20170202 16:55:13.159 - INFO - ${same} = True
20170202 16:55:13.162 - INFO - +--- END KW: keywords.ConverterKeywords.Json Strings Are Equal (12)
~~~~~~~~~~~~~~~~~~~~~~~~~~~~~~~~~~~~~~~~~~~~~~~~~~~~~~~~~~~~~~~~~~~~~~~~~~~~~~
20170202 16:55:13.179 - INFO - +--- START KW: BuiltIn.Should Be True [ ${same} ]
20170202 16:55:13.193 - INFO - +--- END KW: BuiltIn.Should Be True (14)
------------------------------------------------------------------------------
20170202 16:55:13.198 - INFO - +-- END TEST: JSON to CSV to JSON Yields Original (104)
------------------------------------------------------------------------------
20170202 16:55:13.224 - INFO - +- END SUITE: Acceptancetest.CSV-JSONConversion (682)
==============================================================================
20170202 16:55:13.248 - INFO - + END SUITE: Acceptancetest (1308)
==============================================================================
